{"/Users/Fitch/alchemy/career-track/http-with-net/lib/app.js": {"path":"/Users/Fitch/alchemy/career-track/http-with-net/lib/app.js","statementMap":{"0":{"start":{"line":1,"column":12},"end":{"line":1,"column":26}},"1":{"start":{"line":2,"column":21},"end":{"line":2,"column":52}},"2":{"start":{"line":3,"column":23},"end":{"line":3,"column":56}},"3":{"start":{"line":5,"column":12},"end":{"line":55,"column":2}},"4":{"start":{"line":6,"column":2},"end":{"line":54,"column":5}},"5":{"start":{"line":7,"column":20},"end":{"line":7,"column":49}},"6":{"start":{"line":9,"column":4},"end":{"line":53,"column":5}},"7":{"start":{"line":10,"column":6},"end":{"line":14,"column":10}},"8":{"start":{"line":15,"column":11},"end":{"line":53,"column":5}},"9":{"start":{"line":16,"column":6},"end":{"line":23,"column":10}},"10":{"start":{"line":24,"column":11},"end":{"line":53,"column":5}},"11":{"start":{"line":25,"column":6},"end":{"line":32,"column":10}},"12":{"start":{"line":33,"column":11},"end":{"line":53,"column":5}},"13":{"start":{"line":34,"column":6},"end":{"line":41,"column":10}},"14":{"start":{"line":42,"column":11},"end":{"line":53,"column":5}},"15":{"start":{"line":43,"column":6},"end":{"line":50,"column":10}},"16":{"start":{"line":52,"column":6},"end":{"line":52,"column":108}},"17":{"start":{"line":57,"column":0},"end":{"line":57,"column":21}}},"fnMap":{"0":{"name":"(anonymous_0)","decl":{"start":{"line":5,"column":29},"end":{"line":5,"column":30}},"loc":{"start":{"line":5,"column":39},"end":{"line":55,"column":1}},"line":5},"1":{"name":"(anonymous_1)","decl":{"start":{"line":6,"column":20},"end":{"line":6,"column":21}},"loc":{"start":{"line":6,"column":28},"end":{"line":54,"column":3}},"line":6}},"branchMap":{"0":{"loc":{"start":{"line":9,"column":4},"end":{"line":53,"column":5}},"type":"if","locations":[{"start":{"line":9,"column":4},"end":{"line":53,"column":5}},{"start":{"line":9,"column":4},"end":{"line":53,"column":5}}],"line":9},"1":{"loc":{"start":{"line":9,"column":7},"end":{"line":9,"column":55}},"type":"binary-expr","locations":[{"start":{"line":9,"column":7},"end":{"line":9,"column":27}},{"start":{"line":9,"column":31},"end":{"line":9,"column":55}}],"line":9},"2":{"loc":{"start":{"line":15,"column":11},"end":{"line":53,"column":5}},"type":"if","locations":[{"start":{"line":15,"column":11},"end":{"line":53,"column":5}},{"start":{"line":15,"column":11},"end":{"line":53,"column":5}}],"line":15},"3":{"loc":{"start":{"line":15,"column":14},"end":{"line":15,"column":67}},"type":"binary-expr","locations":[{"start":{"line":15,"column":14},"end":{"line":15,"column":38}},{"start":{"line":15,"column":42},"end":{"line":15,"column":67}}],"line":15},"4":{"loc":{"start":{"line":24,"column":11},"end":{"line":53,"column":5}},"type":"if","locations":[{"start":{"line":24,"column":11},"end":{"line":53,"column":5}},{"start":{"line":24,"column":11},"end":{"line":53,"column":5}}],"line":24},"5":{"loc":{"start":{"line":24,"column":14},"end":{"line":24,"column":65}},"type":"binary-expr","locations":[{"start":{"line":24,"column":14},"end":{"line":24,"column":37}},{"start":{"line":24,"column":41},"end":{"line":24,"column":65}}],"line":24},"6":{"loc":{"start":{"line":33,"column":11},"end":{"line":53,"column":5}},"type":"if","locations":[{"start":{"line":33,"column":11},"end":{"line":53,"column":5}},{"start":{"line":33,"column":11},"end":{"line":53,"column":5}}],"line":33},"7":{"loc":{"start":{"line":33,"column":14},"end":{"line":33,"column":67}},"type":"binary-expr","locations":[{"start":{"line":33,"column":14},"end":{"line":33,"column":39}},{"start":{"line":33,"column":43},"end":{"line":33,"column":67}}],"line":33},"8":{"loc":{"start":{"line":42,"column":11},"end":{"line":53,"column":5}},"type":"if","locations":[{"start":{"line":42,"column":11},"end":{"line":53,"column":5}},{"start":{"line":42,"column":11},"end":{"line":53,"column":5}}],"line":42},"9":{"loc":{"start":{"line":42,"column":14},"end":{"line":42,"column":66}},"type":"binary-expr","locations":[{"start":{"line":42,"column":14},"end":{"line":42,"column":38}},{"start":{"line":42,"column":42},"end":{"line":42,"column":66}}],"line":42}},"s":{"0":1,"1":1,"2":1,"3":1,"4":1,"5":1,"6":1,"7":1,"8":0,"9":0,"10":0,"11":0,"12":0,"13":0,"14":0,"15":0,"16":0,"17":1},"f":{"0":1,"1":1},"b":{"0":[1,0],"1":[1,1],"2":[0,0],"3":[0,0],"4":[0,0],"5":[0,0],"6":[0,0],"7":[0,0],"8":[0,0],"9":[0,0]},"_coverageSchema":"43e27e138ebf9cfc5966b082cf9a028302ed4184","hash":"5d55c8efb671cf5eb6cf3f39caaffc6b4f21fd2f"}
,"/Users/Fitch/alchemy/career-track/http-with-net/lib/utils/createResponse.js": {"path":"/Users/Fitch/alchemy/career-track/http-with-net/lib/utils/createResponse.js","statementMap":{"0":{"start":{"line":1,"column":0},"end":{"line":4,"column":2}},"1":{"start":{"line":2,"column":14},"end":{"line":2,"column":129}},"2":{"start":{"line":3,"column":2},"end":{"line":3,"column":13}}},"fnMap":{"0":{"name":"(anonymous_0)","decl":{"start":{"line":1,"column":17},"end":{"line":1,"column":18}},"loc":{"start":{"line":1,"column":82},"end":{"line":4,"column":1}},"line":1}},"branchMap":{"0":{"loc":{"start":{"line":1,"column":20},"end":{"line":1,"column":29}},"type":"default-arg","locations":[{"start":{"line":1,"column":27},"end":{"line":1,"column":29}}],"line":1},"1":{"loc":{"start":{"line":1,"column":31},"end":{"line":1,"column":56}},"type":"default-arg","locations":[{"start":{"line":1,"column":45},"end":{"line":1,"column":56}}],"line":1},"2":{"loc":{"start":{"line":1,"column":58},"end":{"line":1,"column":75}},"type":"default-arg","locations":[{"start":{"line":1,"column":67},"end":{"line":1,"column":75}}],"line":1}},"s":{"0":2,"1":2,"2":2},"f":{"0":2},"b":{"0":[0],"1":[0],"2":[0]},"_coverageSchema":"43e27e138ebf9cfc5966b082cf9a028302ed4184","hash":"560e38885f5172a3304456db779793677e12b8d2"}
,"/Users/Fitch/alchemy/career-track/http-with-net/lib/utils/parseRequest.js": {"path":"/Users/Fitch/alchemy/career-track/http-with-net/lib/utils/parseRequest.js","statementMap":{"0":{"start":{"line":1,"column":0},"end":{"line":11,"column":2}},"1":{"start":{"line":2,"column":18},"end":{"line":2,"column":50}},"2":{"start":{"line":3,"column":16},"end":{"line":3,"column":48}},"3":{"start":{"line":5,"column":2},"end":{"line":9,"column":3}},"4":{"start":{"line":6,"column":22},"end":{"line":6,"column":44}},"5":{"start":{"line":7,"column":17},"end":{"line":7,"column":48}},"6":{"start":{"line":8,"column":4},"end":{"line":8,"column":22}},"7":{"start":{"line":10,"column":2},"end":{"line":10,"column":15}}},"fnMap":{"0":{"name":"(anonymous_0)","decl":{"start":{"line":1,"column":17},"end":{"line":1,"column":18}},"loc":{"start":{"line":1,"column":31},"end":{"line":11,"column":1}},"line":1}},"branchMap":{"0":{"loc":{"start":{"line":5,"column":2},"end":{"line":9,"column":3}},"type":"if","locations":[{"start":{"line":5,"column":2},"end":{"line":9,"column":3}},{"start":{"line":5,"column":2},"end":{"line":9,"column":3}}],"line":5}},"s":{"0":2,"1":3,"2":3,"3":3,"4":2,"5":2,"6":2,"7":3},"f":{"0":3},"b":{"0":[2,1]},"_coverageSchema":"43e27e138ebf9cfc5966b082cf9a028302ed4184","hash":"609b425e332b39cfda5220a7bc8286214eb41cf4"}
}
